c:\windows\system32\wsplog\efsclipboardctrl.log
c:\windows\system32\wsplog\spphk.log
d:\prj\jqlib\jqnet\debug\vc120.pdb
d:\prj\jqlib\jqnet\debug\vc120.idb
d:\prj\jqlib\jqnet\debug\jqtcpclient.obj
d:\prj\jqlib\jqnet\debug\main.obj
d:\prj\jqlib\output\libs\debug\jqnet.lib
d:\prj\jqlib\debug\jqnet.ilk
d:\prj\jqlib\debug\jqnet.exe
d:\prj\jqlib\debug\jqnet.pdb
d:\prj\jqlib\jqnet\..\output\libs\debug\jqnet.lib
d:\prj\jqlib\jqnet\debug\jqnet.tlog\cl.command.1.tlog
d:\prj\jqlib\jqnet\debug\jqnet.tlog\cl.read.1.tlog
d:\prj\jqlib\jqnet\debug\jqnet.tlog\cl.write.1.tlog
d:\prj\jqlib\jqnet\debug\jqnet.tlog\lib.command.1.tlog
d:\prj\jqlib\jqnet\debug\jqnet.tlog\lib.read.1.tlog
d:\prj\jqlib\jqnet\debug\jqnet.tlog\lib.write.1.tlog
d:\prj\jqlib\jqnet\debug\jqnet.tlog\link.command.1.tlog
d:\prj\jqlib\jqnet\debug\jqnet.tlog\link.read.1.tlog
d:\prj\jqlib\jqnet\debug\jqnet.tlog\link.write.1.tlog
